Using pre-set license
Built from '2020.3/china_unity/release' branch; Version is '2020.3.12f1c1 (5887f62ce680) revision 5801974'; Using compiler version '192528614'; Build Type 'Release'
OS: 'Windows 10 Pro; OS build 18362.1256; Version 1903; 64bit' Language: 'zh' Physical Memory: 16327 MB
BatchMode: 1, IsHumanControllingUs: 0, StartBugReporterOnCrash: 0, Is64bit: 1, IsPro: 0

 COMMAND LINE ARGUMENTS:
G:\Unity Hub Download\2020.3.12f1c1\Editor\Unity.exe
-adb2
-batchMode
-noUpm
-name
AssetImportWorker0
-projectPath
G:/Github/UEC
-logFile
Logs/AssetImportWorker0.log
-srvPort
62457
Successfully changed project path to: G:/Github/UEC
G:/Github/UEC
Using Asset Import Pipeline V2.
Refreshing native plugins compatible for Editor in 37.41 ms, found 2 plugins.
Preloading 0 native plugins for Editor in 0.01 ms.
Initialize engine version: 2020.3.12f1c1 (5887f62ce680)
[Subsystems] Discovering subsystems at path G:/Unity Hub Download/2020.3.12f1c1/Editor/Data/Resources/UnitySubsystems
[Subsystems] Discovering subsystems at path G:/Github/UEC/Assets
GfxDevice: creating device client; threaded=0
Direct3D:
    Version:  Direct3D 11.0 [level 11.1]
    Renderer: NVIDIA GeForce GTX 970 (ID=0x13c2)
    Vendor:   
    VRAM:     4043 MB
    Driver:   26.21.14.4122
Initialize mono
Mono path[0] = 'G:/Unity Hub Download/2020.3.12f1c1/Editor/Data/Managed'
Mono path[1] = 'G:/Unity Hub Download/2020.3.12f1c1/Editor/Data/MonoBleedingEdge/lib/mono/unityjit'
Mono config path = 'G:/Unity Hub Download/2020.3.12f1c1/Editor/Data/MonoBleedingEdge/etc'
Using monoOptions --debugger-agent=transport=dt_socket,embedding=1,server=y,suspend=n,address=127.0.0.1:56336
Begin MonoManager ReloadAssembly
Registering precompiled unity dll's ...
Register platform support module: G:/Unity Hub Download/2020.3.12f1c1/Editor/Data/PlaybackEngines/WindowsStandaloneSupport/UnityEditor.WindowsStandalone.Extensions.dll
Registered in 0.000914 seconds.
Native extension for WindowsStandalone target not found
Refreshing native plugins compatible for Editor in 36.14 ms, found 2 plugins.
Preloading 0 native plugins for Editor in 0.00 ms.
Mono: successfully reloaded assembly
- Completed reload, in  0.783 seconds
Platform modules already initialized, skipping
Registering precompiled user dll's ...
Registered in 0.003870 seconds.
Begin MonoManager ReloadAssembly
Native extension for WindowsStandalone target not found
Refreshing native plugins compatible for Editor in 0.51 ms, found 2 plugins.
Preloading 0 native plugins for Editor in 0.00 ms.
Mono: successfully reloaded assembly
- Completed reload, in  1.189 seconds
Platform modules already initialized, skipping
========================================================================
Worker process is ready to serve import requests
Launched and connected shader compiler UnityShaderCompiler.exe after 0.06 seconds
Refreshing native plugins compatible for Editor in 0.51 ms, found 2 plugins.
Preloading 0 native plugins for Editor in 0.00 ms.
Unloading 1614 Unused Serialized files (Serialized files now loaded: 0)
System memory in use before: 72.8 MB.
System memory in use after: 72.9 MB.

Unloading 22 unused Assets to reduce memory usage. Loaded Objects now: 2049.
Total: 2.682700 ms (FindLiveObjects: 0.168700 ms CreateObjectMapping: 0.060800 ms MarkObjects: 2.378200 ms  DeleteObjects: 0.073800 ms)

AssetImportParameters requested are different than current active one (requested -> active):
  custom:framework-win-MediaFoundation: 216162199b28c13a410421893ffa2e32 -> 
  custom:video-decoder-ogg-theora: a1e56fd34408186e4bbccfd4996cb3dc -> 
  custom:container-muxer-webm: aa71ff27fc2769a1b78a27578f13a17b -> 
  custom:container-demuxer-webm: 4f35f7cbe854078d1ac9338744f61a02 -> 
  custom:container-demuxer-ogg: 62fdf1f143b41e24485cea50d1cbac27 -> 
  custom:video-encoder-webm-vp8: eb34c28f22e8b96e1ab97ce403110664 -> 
  custom:video-decoder-webm-vp8: 9c59270c3fd7afecdb556c50c9e8de78 -> 
  custom:audio-decoder-ogg-vorbis: bf7c407c2cedff20999df2af8eb42d56 -> 
  custom:audio-encoder-webm-vorbis: bf7c407c2cedff20999df2af8eb42d56 -> 
========================================================================
Received Import Request.
  path: Assets/_package_/Resources
  artifactKey: Guid(1810727b9e51d3b45a3bed5ea724280f) Importer(815301076,1909f56bfc062723c751e8b465ee728b)
Start importing Assets/_package_/Resources using Guid(1810727b9e51d3b45a3bed5ea724280f) Importer(815301076,1909f56bfc062723c751e8b465ee728b)  -> (artifact id: 'ae0ed7c47f36553fc9334940e0cf2c2d') in 0.004916 seconds 
  Import took 0.008181 seconds .

========================================================================
Received Import Request.
  Time since last request: 1.303711 seconds.
  path: Assets/_package_/Resources/UIElement
  artifactKey: Guid(ada5b80c30fcfbb4e96ef6cdaf167376) Importer(815301076,1909f56bfc062723c751e8b465ee728b)
Start importing Assets/_package_/Resources/UIElement using Guid(ada5b80c30fcfbb4e96ef6cdaf167376) Importer(815301076,1909f56bfc062723c751e8b465ee728b)  -> (artifact id: '81b19dfb8b348e272837ab56b89d0753') in 0.002715 seconds 
  Import took 0.005325 seconds .

========================================================================
Received Import Request.
  Time since last request: 8.624925 seconds.
  path: Assets/_package_/Resources/UIElement/package_json_uss.uss
  artifactKey: Guid(9fc04e33986da5b488843efbb9aadc2a) Importer(815301076,1909f56bfc062723c751e8b465ee728b)
Start importing Assets/_package_/Resources/UIElement/package_json_uss.uss using Guid(9fc04e33986da5b488843efbb9aadc2a) Importer(815301076,1909f56bfc062723c751e8b465ee728b)  -> (artifact id: 'a0ff8580107daeda8e07670ea78589e6') in 0.042648 seconds 
  Import took 0.045138 seconds .

========================================================================
Received Import Request.
  Time since last request: 0.021159 seconds.
  path: Assets/_package_/Resources/UIElement/package_json_uss.uss
  artifactKey: Guid(9fc04e33986da5b488843efbb9aadc2a) Importer(815301076,1909f56bfc062723c751e8b465ee728b)
Start importing Assets/_package_/Resources/UIElement/package_json_uss.uss using Guid(9fc04e33986da5b488843efbb9aadc2a) Importer(815301076,1909f56bfc062723c751e8b465ee728b)  -> (artifact id: 'a0ff8580107daeda8e07670ea78589e6') in 0.003042 seconds 
  Import took 0.006560 seconds .

========================================================================
Received Import Request.
  Time since last request: 3.196101 seconds.
  path: Assets/_package_/Resources/UIElement/uss.uss
  artifactKey: Guid(9fc04e33986da5b488843efbb9aadc2a) Importer(815301076,1909f56bfc062723c751e8b465ee728b)
Start importing Assets/_package_/Resources/UIElement/uss.uss using Guid(9fc04e33986da5b488843efbb9aadc2a) Importer(815301076,1909f56bfc062723c751e8b465ee728b)  -> (artifact id: 'b3715c9c6db158b3ad5d3b17d082a8fe') in 0.003090 seconds 
  Import took 0.006246 seconds .

========================================================================
Received Prepare
Registering precompiled user dll's ...
Registered in 0.004946 seconds.
Begin MonoManager ReloadAssembly
Native extension for WindowsStandalone target not found
Refreshing native plugins compatible for Editor in 0.42 ms, found 2 plugins.
Preloading 0 native plugins for Editor in 0.00 ms.
Mono: successfully reloaded assembly
- Completed reload, in  1.172 seconds
Platform modules already initialized, skipping
Refreshing native plugins compatible for Editor in 0.47 ms, found 2 plugins.
Preloading 0 native plugins for Editor in 0.00 ms.
Unloading 1608 Unused Serialized files (Serialized files now loaded: 0)
System memory in use before: 72.7 MB.
System memory in use after: 72.8 MB.

Unloading 17 unused Assets to reduce memory usage. Loaded Objects now: 2052.
Total: 2.814600 ms (FindLiveObjects: 0.181100 ms CreateObjectMapping: 0.061000 ms MarkObjects: 2.538300 ms  DeleteObjects: 0.033100 ms)

AssetImportParameters requested are different than current active one (requested -> active):
  custom:framework-win-MediaFoundation: 216162199b28c13a410421893ffa2e32 -> 
  custom:video-decoder-ogg-theora: a1e56fd34408186e4bbccfd4996cb3dc -> 
  custom:container-muxer-webm: aa71ff27fc2769a1b78a27578f13a17b -> 
  custom:container-demuxer-webm: 4f35f7cbe854078d1ac9338744f61a02 -> 
  custom:container-demuxer-ogg: 62fdf1f143b41e24485cea50d1cbac27 -> 
  custom:video-encoder-webm-vp8: eb34c28f22e8b96e1ab97ce403110664 -> 
  custom:video-decoder-webm-vp8: 9c59270c3fd7afecdb556c50c9e8de78 -> 
  custom:audio-decoder-ogg-vorbis: bf7c407c2cedff20999df2af8eb42d56 -> 
  custom:audio-encoder-webm-vorbis: bf7c407c2cedff20999df2af8eb42d56 -> 
========================================================================
Received Prepare
Registering precompiled user dll's ...
Registered in 0.004197 seconds.
Begin MonoManager ReloadAssembly
Native extension for WindowsStandalone target not found
Refreshing native plugins compatible for Editor in 0.54 ms, found 2 plugins.
Preloading 0 native plugins for Editor in 0.00 ms.
Mono: successfully reloaded assembly
- Completed reload, in  1.192 seconds
Platform modules already initialized, skipping
Refreshing native plugins compatible for Editor in 0.44 ms, found 2 plugins.
Preloading 0 native plugins for Editor in 0.00 ms.
Unloading 1608 Unused Serialized files (Serialized files now loaded: 0)
System memory in use before: 72.7 MB.
System memory in use after: 72.8 MB.

Unloading 17 unused Assets to reduce memory usage. Loaded Objects now: 2055.
Total: 3.298700 ms (FindLiveObjects: 0.183800 ms CreateObjectMapping: 0.060700 ms MarkObjects: 3.012800 ms  DeleteObjects: 0.039700 ms)

AssetImportParameters requested are different than current active one (requested -> active):
  custom:framework-win-MediaFoundation: 216162199b28c13a410421893ffa2e32 -> 
  custom:video-decoder-ogg-theora: a1e56fd34408186e4bbccfd4996cb3dc -> 
  custom:container-muxer-webm: aa71ff27fc2769a1b78a27578f13a17b -> 
  custom:container-demuxer-webm: 4f35f7cbe854078d1ac9338744f61a02 -> 
  custom:container-demuxer-ogg: 62fdf1f143b41e24485cea50d1cbac27 -> 
  custom:video-encoder-webm-vp8: eb34c28f22e8b96e1ab97ce403110664 -> 
  custom:video-decoder-webm-vp8: 9c59270c3fd7afecdb556c50c9e8de78 -> 
  custom:audio-decoder-ogg-vorbis: bf7c407c2cedff20999df2af8eb42d56 -> 
  custom:audio-encoder-webm-vorbis: bf7c407c2cedff20999df2af8eb42d56 -> 
AssetImportWorkerClient::OnTransportError - code=2 error=End of file
